<?xml version="1.0" encoding="UTF-8"?>
<!-- Generated by org.testng.reporters.JUnitReportReporter -->
<testsuite hostname="DESKTOP-0TNT471" failures="0" tests="6" name="TestNG.Sample1" time="0.028" errors="0" timestamp="2024-08-27T15:57:22 IST" skipped="0">
  <testcase classname="TestNG.Sample1" name="createuser" time="0.005"/>
  <system-out/>
  <testcase classname="TestNG.Sample1" name="createuser" time="0.013"/>
  <system-out/>
  <testcase classname="TestNG.Sample1" name="createuser" time="0.003"/>
  <system-out/>
  <testcase classname="TestNG.Sample1" name="createuser" time="0.003"/>
  <system-out/>
  <testcase classname="TestNG.Sample1" name="createuser" time="0.002"/>
  <system-out/>
  <testcase classname="TestNG.Sample1" name="deleteuser" time="0.002"/>
  <system-out/>
</testsuite> <!-- TestNG.Sample1 -->
